Reading "rcc5"

Reading "bl"

Reading "sd"

Reading "de"

Reading "examples/tap2x2.dlv"

{pp(b1,a1), pp(b1,a2), pp(c1,a1), pp(c1,a2), pp(b2,a1), pp(b2,a2), pp(c2,a1), pp(c2,a2), e(a1,a2), pp(b1,c2), e(b2,c1)}
{pp(b1,a1), pp(b1,a2), pp(c1,a1), pp(c1,a2), pp(b2,a1), pp(b2,a2), pp(c2,a1), pp(c2,a2), e(a1,a2), pp(c2,b1), e(b2,c1)}
{pp(b1,a1), pp(b1,a2), pp(c1,a1), pp(c1,a2), pp(b2,a1), pp(b2,a2), pp(c2,a1), pp(c2,a2), e(a1,a2), e(b1,c2), e(b2,c1)}
{pp(b1,a1), pp(b1,a2), pp(c1,a1), pp(c1,a2), pp(b2,a1), pp(b2,a2), pp(c2,a1), pp(c2,a2), e(a1,a2), o(b1,c2), e(b2,c1)}
{pp(b1,a1), pp(b1,a2), pp(c1,a1), pp(c1,a2), pp(b2,a1), pp(b2,a2), pp(c2,a1), pp(c2,a2), e(a1,a2), e(b2,c1)}
{pp(b1,a1), pp(b1,a2), pp(c1,a1), pp(c1,a2), pp(b2,a1), pp(b2,a2), pp(c2,a1), pp(c2,a2), e(a1,a2), pp(c1,c2), e(b1,b2)}
{pp(b1,a1), pp(b1,a2), pp(c1,a1), pp(c1,a2), pp(b2,a1), pp(b2,a2), pp(c2,a1), pp(c2,a2), e(a1,a2), pp(c2,c1), e(b1,b2)}
{pp(b1,a1), pp(b1,a2), pp(c1,a1), pp(c1,a2), pp(b2,a1), pp(b2,a2), pp(c2,a1), pp(c2,a2), e(a1,a2), e(b1,b2), e(c1,c2)}
{pp(b1,a1), pp(b1,a2), pp(c1,a1), pp(c1,a2), pp(b2,a1), pp(b2,a2), pp(c2,a1), pp(c2,a2), e(a1,a2), o(c1,c2), e(b1,b2)}
{pp(b1,a1), pp(b1,a2), pp(c1,a1), pp(c1,a2), pp(b2,a1), pp(b2,a2), pp(c2,a1), pp(c2,a2), e(a1,a2), e(b1,b2)}
{pp(b1,a1), pp(b1,a2), pp(c1,a1), pp(c1,a2), pp(b2,a1), pp(b2,a2), pp(c2,a1), pp(c2,a2), e(a1,a2), pp(c1,b2), e(b1,c2)}
{pp(b1,a1), pp(b1,a2), pp(c1,a1), pp(c1,a2), pp(b2,a1), pp(b2,a2), pp(c2,a1), pp(c2,a2), e(a1,a2), pp(b2,c1), e(b1,c2)}
{pp(b1,a1), pp(b1,a2), pp(c1,a1), pp(c1,a2), pp(b2,a1), pp(b2,a2), pp(c2,a1), pp(c2,a2), e(a1,a2), o(b2,c1), e(b1,c2)}
{pp(b1,a1), pp(b1,a2), pp(c1,a1), pp(c1,a2), pp(b2,a1), pp(b2,a2), pp(c2,a1), pp(c2,a2), e(a1,a2), e(b1,c2)}
{pp(b1,a1), pp(b1,a2), pp(c1,a1), pp(c1,a2), pp(b2,a1), pp(b2,a2), pp(c2,a1), pp(c2,a2), e(a1,a2), pp(b1,b2), e(c1,c2)}
{pp(b1,a1), pp(b1,a2), pp(c1,a1), pp(c1,a2), pp(b2,a1), pp(b2,a2), pp(c2,a1), pp(c2,a2), e(a1,a2), pp(b2,b1), e(c1,c2)}
{pp(b1,a1), pp(b1,a2), pp(c1,a1), pp(c1,a2), pp(b2,a1), pp(b2,a2), pp(c2,a1), pp(c2,a2), e(a1,a2), o(b1,b2), e(c1,c2)}
{pp(b1,a1), pp(b1,a2), pp(c1,a1), pp(c1,a2), pp(b2,a1), pp(b2,a2), pp(c2,a1), pp(c2,a2), e(a1,a2), e(c1,c2)}
{pp(b1,a1), pp(b1,a2), pp(c1,a1), pp(c1,a2), pp(b2,a1), pp(b2,a2), pp(c2,a1), pp(c2,a2), e(a1,a2), pp(b1,b2), pp(c1,c2)}
{pp(b1,a1), pp(b1,a2), pp(c1,a1), pp(c1,a2), pp(b2,a1), pp(b2,a2), pp(c2,a1), pp(c2,a2), e(a1,a2), pp(b1,c2), pp(c1,c2)}
{pp(b1,a1), pp(b1,a2), pp(c1,a1), pp(c1,a2), pp(b2,a1), pp(b2,a2), pp(c2,a1), pp(c2,a2), e(a1,a2), pp(c1,c2), pp(b2,b1), o(b1,c2)}
{pp(b1,a1), pp(b1,a2), pp(c1,a1), pp(c1,a2), pp(b2,a1), pp(b2,a2), pp(c2,a1), pp(c2,a2), e(a1,a2), pp(c1,c2), pp(b2,b1)}
{pp(b1,a1), pp(b1,a2), pp(c1,a1), pp(c1,a2), pp(b2,a1), pp(b2,a2), pp(c2,a1), pp(c2,a2), e(a1,a2), pp(c1,c2), o(b1,b2), o(b1,c2)}
{pp(b1,a1), pp(b1,a2), pp(c1,a1), pp(c1,a2), pp(b2,a1), pp(b2,a2), pp(c2,a1), pp(c2,a2), e(a1,a2), pp(c1,c2), o(b1,c2)}
{pp(b1,a1), pp(b1,a2), pp(c1,a1), pp(c1,a2), pp(b2,a1), pp(b2,a2), pp(c2,a1), pp(c2,a2), e(a1,a2), pp(c1,c2), o(b1,b2)}
{pp(b1,a1), pp(b1,a2), pp(c1,a1), pp(c1,a2), pp(b2,a1), pp(b2,a2), pp(c2,a1), pp(c2,a2), e(a1,a2), pp(c1,c2)}
{pp(b1,a1), pp(b1,a2), pp(c1,a1), pp(c1,a2), pp(b2,a1), pp(b2,a2), pp(c2,a1), pp(c2,a2), e(a1,a2), pp(b2,b1), pp(c2,c1)}
{pp(b1,a1), pp(b1,a2), pp(c1,a1), pp(c1,a2), pp(b2,a1), pp(b2,a2), pp(c2,a1), pp(c2,a2), e(a1,a2), pp(b2,c1), pp(c2,c1)}
{pp(b1,a1), pp(b1,a2), pp(c1,a1), pp(c1,a2), pp(b2,a1), pp(b2,a2), pp(c2,a1), pp(c2,a2), e(a1,a2), pp(b1,b2), pp(c2,c1), o(b2,c1)}
{pp(b1,a1), pp(b1,a2), pp(c1,a1), pp(c1,a2), pp(b2,a1), pp(b2,a2), pp(c2,a1), pp(c2,a2), e(a1,a2), pp(b1,b2), pp(c2,c1)}
{pp(b1,a1), pp(b1,a2), pp(c1,a1), pp(c1,a2), pp(b2,a1), pp(b2,a2), pp(c2,a1), pp(c2,a2), e(a1,a2), pp(c2,c1), o(b1,b2), o(b2,c1)}
{pp(b1,a1), pp(b1,a2), pp(c1,a1), pp(c1,a2), pp(b2,a1), pp(b2,a2), pp(c2,a1), pp(c2,a2), e(a1,a2), pp(c2,c1), o(b2,c1)}
{pp(b1,a1), pp(b1,a2), pp(c1,a1), pp(c1,a2), pp(b2,a1), pp(b2,a2), pp(c2,a1), pp(c2,a2), e(a1,a2), pp(c2,c1), o(b1,b2)}
{pp(b1,a1), pp(b1,a2), pp(c1,a1), pp(c1,a2), pp(b2,a1), pp(b2,a2), pp(c2,a1), pp(c2,a2), e(a1,a2), pp(c2,c1)}
{pp(b1,a1), pp(b1,a2), pp(c1,a1), pp(c1,a2), pp(b2,a1), pp(b2,a2), pp(c2,a1), pp(c2,a2), e(a1,a2), pp(b1,c2), pp(c1,b2)}
{pp(b1,a1), pp(b1,a2), pp(c1,a1), pp(c1,a2), pp(b2,a1), pp(b2,a2), pp(c2,a1), pp(c2,a2), e(a1,a2), pp(b1,c2), pp(b2,c1), o(c1,c2)}
{pp(b1,a1), pp(b1,a2), pp(c1,a1), pp(c1,a2), pp(b2,a1), pp(b2,a2), pp(c2,a1), pp(c2,a2), e(a1,a2), pp(b1,c2), pp(b2,c1)}
{pp(b1,a1), pp(b1,a2), pp(c1,a1), pp(c1,a2), pp(b2,a1), pp(b2,a2), pp(c2,a1), pp(c2,a2), e(a1,a2), pp(b1,c2), o(c1,c2), o(b2,c1)}
{pp(b1,a1), pp(b1,a2), pp(c1,a1), pp(c1,a2), pp(b2,a1), pp(b2,a2), pp(c2,a1), pp(c2,a2), e(a1,a2), pp(b1,c2), o(b2,c1)}
{pp(b1,a1), pp(b1,a2), pp(c1,a1), pp(c1,a2), pp(b2,a1), pp(b2,a2), pp(c2,a1), pp(c2,a2), e(a1,a2), pp(b1,c2), o(c1,c2)}
{pp(b1,a1), pp(b1,a2), pp(c1,a1), pp(c1,a2), pp(b2,a1), pp(b2,a2), pp(c2,a1), pp(c2,a2), e(a1,a2), pp(b1,c2)}
{pp(b1,a1), pp(b1,a2), pp(c1,a1), pp(c1,a2), pp(b2,a1), pp(b2,a2), pp(c2,a1), pp(c2,a2), e(a1,a2), pp(b2,c1), pp(c2,b1)}
{pp(b1,a1), pp(b1,a2), pp(c1,a1), pp(c1,a2), pp(b2,a1), pp(b2,a2), pp(c2,a1), pp(c2,a2), e(a1,a2), pp(b2,b1), pp(c2,b1)}
{pp(b1,a1), pp(b1,a2), pp(c1,a1), pp(c1,a2), pp(b2,a1), pp(b2,a2), pp(c2,a1), pp(c2,a2), e(a1,a2), pp(c1,b2), pp(c2,b1), o(b1,b2)}
{pp(b1,a1), pp(b1,a2), pp(c1,a1), pp(c1,a2), pp(b2,a1), pp(b2,a2), pp(c2,a1), pp(c2,a2), e(a1,a2), pp(c1,b2), pp(c2,b1)}
{pp(b1,a1), pp(b1,a2), pp(c1,a1), pp(c1,a2), pp(b2,a1), pp(b2,a2), pp(c2,a1), pp(c2,a2), e(a1,a2), pp(c2,b1), o(b1,b2), o(b2,c1)}
{pp(b1,a1), pp(b1,a2), pp(c1,a1), pp(c1,a2), pp(b2,a1), pp(b2,a2), pp(c2,a1), pp(c2,a2), e(a1,a2), pp(c2,b1), o(b1,b2)}
{pp(b1,a1), pp(b1,a2), pp(c1,a1), pp(c1,a2), pp(b2,a1), pp(b2,a2), pp(c2,a1), pp(c2,a2), e(a1,a2), pp(c2,b1), o(b2,c1)}
{pp(b1,a1), pp(b1,a2), pp(c1,a1), pp(c1,a2), pp(b2,a1), pp(b2,a2), pp(c2,a1), pp(c2,a2), e(a1,a2), pp(c2,b1)}
{pp(b1,a1), pp(b1,a2), pp(c1,a1), pp(c1,a2), pp(b2,a1), pp(b2,a2), pp(c2,a1), pp(c2,a2), e(a1,a2), pp(b1,b2), pp(c1,b2)}
{pp(b1,a1), pp(b1,a2), pp(c1,a1), pp(c1,a2), pp(b2,a1), pp(b2,a2), pp(c2,a1), pp(c2,a2), e(a1,a2), pp(c1,b2), o(b1,b2), o(b1,c2)}
{pp(b1,a1), pp(b1,a2), pp(c1,a1), pp(c1,a2), pp(b2,a1), pp(b2,a2), pp(c2,a1), pp(c2,a2), e(a1,a2), pp(c1,b2), o(b1,b2)}
{pp(b1,a1), pp(b1,a2), pp(c1,a1), pp(c1,a2), pp(b2,a1), pp(b2,a2), pp(c2,a1), pp(c2,a2), e(a1,a2), pp(c1,b2), o(b1,c2)}
{pp(b1,a1), pp(b1,a2), pp(c1,a1), pp(c1,a2), pp(b2,a1), pp(b2,a2), pp(c2,a1), pp(c2,a2), e(a1,a2), pp(c1,b2)}
{pp(b1,a1), pp(b1,a2), pp(c1,a1), pp(c1,a2), pp(b2,a1), pp(b2,a2), pp(c2,a1), pp(c2,a2), e(a1,a2), pp(b1,b2), o(c1,c2), o(b2,c1)}
{pp(b1,a1), pp(b1,a2), pp(c1,a1), pp(c1,a2), pp(b2,a1), pp(b2,a2), pp(c2,a1), pp(c2,a2), e(a1,a2), pp(b1,b2), o(b2,c1)}
{pp(b1,a1), pp(b1,a2), pp(c1,a1), pp(c1,a2), pp(b2,a1), pp(b2,a2), pp(c2,a1), pp(c2,a2), e(a1,a2), pp(b1,b2), o(c1,c2)}
{pp(b1,a1), pp(b1,a2), pp(c1,a1), pp(c1,a2), pp(b2,a1), pp(b2,a2), pp(c2,a1), pp(c2,a2), e(a1,a2), pp(b1,b2)}
{pp(b1,a1), pp(b1,a2), pp(c1,a1), pp(c1,a2), pp(b2,a1), pp(b2,a2), pp(c2,a1), pp(c2,a2), e(a1,a2), pp(b2,b1), o(b1,c2), o(c1,c2)}
{pp(b1,a1), pp(b1,a2), pp(c1,a1), pp(c1,a2), pp(b2,a1), pp(b2,a2), pp(c2,a1), pp(c2,a2), e(a1,a2), pp(b2,b1), o(b1,c2)}
{pp(b1,a1), pp(b1,a2), pp(c1,a1), pp(c1,a2), pp(b2,a1), pp(b2,a2), pp(c2,a1), pp(c2,a2), e(a1,a2), pp(b2,b1), o(c1,c2)}
{pp(b1,a1), pp(b1,a2), pp(c1,a1), pp(c1,a2), pp(b2,a1), pp(b2,a2), pp(c2,a1), pp(c2,a2), e(a1,a2), pp(b2,b1)}
{pp(b1,a1), pp(b1,a2), pp(c1,a1), pp(c1,a2), pp(b2,a1), pp(b2,a2), pp(c2,a1), pp(c2,a2), e(a1,a2), pp(b2,c1), o(b1,c2), o(c1,c2)}
{pp(b1,a1), pp(b1,a2), pp(c1,a1), pp(c1,a2), pp(b2,a1), pp(b2,a2), pp(c2,a1), pp(c2,a2), e(a1,a2), pp(b2,c1), o(c1,c2)}
{pp(b1,a1), pp(b1,a2), pp(c1,a1), pp(c1,a2), pp(b2,a1), pp(b2,a2), pp(c2,a1), pp(c2,a2), e(a1,a2), pp(b2,c1), o(b1,c2)}
{pp(b1,a1), pp(b1,a2), pp(c1,a1), pp(c1,a2), pp(b2,a1), pp(b2,a2), pp(c2,a1), pp(c2,a2), e(a1,a2), pp(b2,c1)}
{pp(b1,a1), pp(b1,a2), pp(c1,a1), pp(c1,a2), pp(b2,a1), pp(b2,a2), pp(c2,a1), pp(c2,a2), e(a1,a2), o(b1,b2), o(b1,c2), o(c1,c2), o(b2,c1)}
{pp(b1,a1), pp(b1,a2), pp(c1,a1), pp(c1,a2), pp(b2,a1), pp(b2,a2), pp(c2,a1), pp(c2,a2), e(a1,a2), o(b1,b2), o(b1,c2), o(c1,c2)}
{pp(b1,a1), pp(b1,a2), pp(c1,a1), pp(c1,a2), pp(b2,a1), pp(b2,a2), pp(c2,a1), pp(c2,a2), e(a1,a2), o(b1,b2), o(b1,c2), o(b2,c1)}
{pp(b1,a1), pp(b1,a2), pp(c1,a1), pp(c1,a2), pp(b2,a1), pp(b2,a2), pp(c2,a1), pp(c2,a2), e(a1,a2), o(b1,b2), o(b1,c2)}
{pp(b1,a1), pp(b1,a2), pp(c1,a1), pp(c1,a2), pp(b2,a1), pp(b2,a2), pp(c2,a1), pp(c2,a2), e(a1,a2), o(b1,b2), o(c1,c2), o(b2,c1)}
{pp(b1,a1), pp(b1,a2), pp(c1,a1), pp(c1,a2), pp(b2,a1), pp(b2,a2), pp(c2,a1), pp(c2,a2), e(a1,a2), o(b1,b2), o(b2,c1)}
{pp(b1,a1), pp(b1,a2), pp(c1,a1), pp(c1,a2), pp(b2,a1), pp(b2,a2), pp(c2,a1), pp(c2,a2), e(a1,a2), o(b1,b2), o(c1,c2)}
{pp(b1,a1), pp(b1,a2), pp(c1,a1), pp(c1,a2), pp(b2,a1), pp(b2,a2), pp(c2,a1), pp(c2,a2), e(a1,a2), o(b1,b2)}
{pp(b1,a1), pp(b1,a2), pp(c1,a1), pp(c1,a2), pp(b2,a1), pp(b2,a2), pp(c2,a1), pp(c2,a2), e(a1,a2), o(b1,c2), o(c1,c2), o(b2,c1)}
{pp(b1,a1), pp(b1,a2), pp(c1,a1), pp(c1,a2), pp(b2,a1), pp(b2,a2), pp(c2,a1), pp(c2,a2), e(a1,a2), o(b1,c2), o(c1,c2)}
{pp(b1,a1), pp(b1,a2), pp(c1,a1), pp(c1,a2), pp(b2,a1), pp(b2,a2), pp(c2,a1), pp(c2,a2), e(a1,a2), o(b1,c2), o(b2,c1)}
{pp(b1,a1), pp(b1,a2), pp(c1,a1), pp(c1,a2), pp(b2,a1), pp(b2,a2), pp(c2,a1), pp(c2,a2), e(a1,a2), o(b1,c2)}
{pp(b1,a1), pp(b1,a2), pp(c1,a1), pp(c1,a2), pp(b2,a1), pp(b2,a2), pp(c2,a1), pp(c2,a2), e(a1,a2), o(c1,c2), o(b2,c1)}
{pp(b1,a1), pp(b1,a2), pp(c1,a1), pp(c1,a2), pp(b2,a1), pp(b2,a2), pp(c2,a1), pp(c2,a2), e(a1,a2), o(b2,c1)}
{pp(b1,a1), pp(b1,a2), pp(c1,a1), pp(c1,a2), pp(b2,a1), pp(b2,a2), pp(c2,a1), pp(c2,a2), e(a1,a2), o(c1,c2)}
{pp(b1,a1), pp(b1,a2), pp(c1,a1), pp(c1,a2), pp(b2,a1), pp(b2,a2), pp(c2,a1), pp(c2,a2), e(a1,a2)}
